<?xml version="1.0" encoding="UTF-8"?>
<testsuite name="io.qaguru.owner.ApiTest" tests="1" skipped="0" failures="0" errors="0" timestamp="2022-06-04T16:55:18" hostname="MacBook-Pro-User.local" time="0.097">
  <properties/>
  <testcase name="testClasspathSelenide()" classname="io.qaguru.owner.ApiTest" time="0.097"/>
  <system-out><![CDATA[]]></system-out>
  <system-err><![CDATA[]]></system-err>
</testsuite>
